        -:    0:Source:af.cpp
        -:    0:Graph:a-af.gcno
        -:    0:Data:a-af.gcda
        -:    0:Runs:1
        -:    1:#include <bits/stdc++.h>
        -:    2:using namespace std;
        -:    3:#define rep(i, n) for (int i = 0; i < (int)n; i++)
        -:    4:
        1:    5:int main() {
        1:    6:  const int N = 2000;
        1:    7:  int x = 0;
     2001:    8:  rep(i, N) {
  4002000:    9:    rep(j, N) {
  4000000:   10:      cout << i + j << endl;
        -:   11:    }
        -:   12:  }
        -:   13:
     2001:   14:  rep(i, N) {
     2000:   15:    cout << i << endl;
        -:   16:  }
        -:   17:
     2001:   18:  rep(i, N) {
  4002000:   19:    rep(j, N) {
  4000000:   20:      cout << i + j << endl;
        -:   21:    }
  4002000:   22:    rep(j, N) {
  4000000:   23:      cout << i + j << endl;
        -:   24:    }
  4002000:   25:    rep(j, N) {
  4000000:   26:      cout << i + j << endl;
        -:   27:    }
        -:   28:  }
        -:   29:
        1:   30:  cout << x << endl;
        4:   31:}
